<?xml version="1.0" encoding="UTF-8"?>
<testng-results total="2" passed="2" failed="0" skipped="0">
  <reporter-output>
  </reporter-output>
  <suite started-at="2020-05-03T21:33:30Z" name="Suite" finished-at="2020-05-03T21:33:30Z" duration-ms="33">
    <groups>
    </groups>
    <test started-at="2020-05-03T21:33:30Z" name="Test" finished-at="2020-05-03T21:33:30Z" duration-ms="33">
      <class name="com.app.programs.LargestWordInStringWithCount">
        <test-method signature="getLargestWordWithCountTest()[pri:0, instance:com.app.programs.LargestWordInStringWithCount@26b3fd41]" started-at="2020-05-03T22:33:30Z" name="getLargestWordWithCountTest" finished-at="2020-05-03T22:33:30Z" duration-ms="20" status="PASS">
          <reporter-output>
          </reporter-output>
        </test-method> <!-- getLargestWordWithCountTest -->
      </class> <!-- com.app.programs.LargestWordInStringWithCount -->
      <class name="com.app.programs.SmallestWordInStringWithCount">
        <test-method signature="getLargestWordWithCountTest()[pri:0, instance:com.app.programs.SmallestWordInStringWithCount@6a2f6f80]" started-at="2020-05-03T22:33:30Z" name="getLargestWordWithCountTest" finished-at="2020-05-03T22:33:30Z" duration-ms="1" status="PASS">
          <reporter-output>
          </reporter-output>
        </test-method> <!-- getLargestWordWithCountTest -->
      </class> <!-- com.app.programs.SmallestWordInStringWithCount -->
    </test> <!-- Test -->
  </suite> <!-- Suite -->
</testng-results>
