<?xml version="1.0" encoding="UTF-8"?>
<testng-results total="2" passed="2" failed="0" skipped="0">
  <reporter-output>
  </reporter-output>
  <suite started-at="2020-05-03T21:32:45Z" name="Suite" finished-at="2020-05-03T21:32:45Z" duration-ms="34">
    <groups>
    </groups>
    <test started-at="2020-05-03T21:32:45Z" name="Test" finished-at="2020-05-03T21:32:45Z" duration-ms="34">
      <class name="com.app.programs.LargestWordInStringWithCount">
        <test-method signature="getLargestWordWithCountTest()[pri:0, instance:com.app.programs.LargestWordInStringWithCount@fba92d3]" started-at="2020-05-03T22:32:45Z" name="getLargestWordWithCountTest" finished-at="2020-05-03T22:32:45Z" duration-ms="13" status="PASS">
          <reporter-output>
          </reporter-output>
        </test-method> <!-- getLargestWordWithCountTest -->
      </class> <!-- com.app.programs.LargestWordInStringWithCount -->
      <class name="com.app.programs.SmallestWordInStringWithCount">
        <test-method signature="getLargestWordWithCountTest()[pri:0, instance:com.app.programs.SmallestWordInStringWithCount@3bf9ce3e]" started-at="2020-05-03T22:32:45Z" name="getLargestWordWithCountTest" finished-at="2020-05-03T22:32:45Z" duration-ms="2" status="PASS">
          <reporter-output>
          </reporter-output>
        </test-method> <!-- getLargestWordWithCountTest -->
      </class> <!-- com.app.programs.SmallestWordInStringWithCount -->
    </test> <!-- Test -->
  </suite> <!-- Suite -->
</testng-results>
